<?xml version="1.0" encoding="UTF-8"?>
<testng-results ignored="0" total="1" passed="1" failed="0" skipped="0">
  <reporter-output>
  </reporter-output>
  <suite started-at="2021-12-24T16:47:12Z" name="Default suite" finished-at="2021-12-24T16:47:30Z" duration-ms="17172">
    <groups>
    </groups>
    <test started-at="2021-12-24T16:47:12Z" name="Default test" finished-at="2021-12-24T16:47:30Z" duration-ms="17172">
      <class name="com_professional.sample_project.SearchItem">
        <test-method is-config="true" signature="initializeBrowser()[pri:0, instance:com_professional.sample_project.SearchItem@4c39bec8]" started-at="2021-12-24T16:47:12Z" name="initializeBrowser" finished-at="2021-12-24T16:47:21Z" duration-ms="8805" status="PASS">
          <reporter-output>
          </reporter-output>
        </test-method> <!-- initializeBrowser -->
        <test-method signature="testPractice()[pri:0, instance:com_professional.sample_project.SearchItem@4c39bec8]" started-at="2021-12-24T16:47:21Z" name="testPractice" finished-at="2021-12-24T16:47:29Z" duration-ms="8204" status="PASS">
          <reporter-output>
          </reporter-output>
        </test-method> <!-- testPractice -->
        <test-method is-config="true" signature="CloseBrowser()[pri:0, instance:com_professional.sample_project.SearchItem@4c39bec8]" started-at="2021-12-24T16:47:30Z" name="CloseBrowser" finished-at="2021-12-24T16:47:30Z" duration-ms="144" status="PASS">
          <reporter-output>
          </reporter-output>
        </test-method> <!-- CloseBrowser -->
      </class> <!-- com_professional.sample_project.SearchItem -->
    </test> <!-- Default test -->
  </suite> <!-- Default suite -->
</testng-results>
